<?xml version="1.0" encoding="utf-8"?><testsuites name="pytest tests"><testsuite name="pytest" errors="0" failures="0" skipped="0" tests="32" time="5.421" timestamp="2026-09-10T10:07:34.897582+00:00" hostname="agent-env-f70ff6f3-035c-4026-b64b-b85cdc2d0f1b"><testcase classname="tests.test_iter20_workstreams.TestMembers" name="test_tab" time="0.911" /><testcase classname="tests.test_iter20_workstreams.TestLineActions" name="test_hold_fire" time="1.087" /><testcase classname="tests.test_iter20_workstreams.TestMembers" name="test_adjust_points_manager" time="0.081" /><testcase classname="tests.test_iter20_workstreams.TestMembers" name="test_adjust_credit_manager" time="0.080" /><testcase classname="tests.test_iter20_workstreams.TestMembers" name="test_adjust_discount_pct" time="0.081" /><testcase classname="tests.test_iter20_workstreams.TestLineActions" name="test_discount_line" time="0.162" /><testcase classname="tests.test_iter20_workstreams.TestLineActions" name="test_move_seat" time="0.353" /><testcase classname="tests.test_iter20_workstreams.TestMembers" name="test_foh_adjust_without_pin_fails" time="0.450" /><testcase classname="tests.test_iter20_workstreams.TestLineActions" name="test_split_creates_new_order" time="0.155" /><testcase classname="tests.test_iter20_workstreams.TestMembers" name="test_foh_adjust_with_manager_pin_ok" time="0.079" /><testcase classname="tests.test_iter20_workstreams.TestMembers" name="test_redeem_multiples_only" time="0.074" /><testcase classname="tests.test_iter20_workstreams.TestMembers" name="test_redeem_100_gives_10hkd" time="0.507" /><testcase classname="tests.test_iter20_workstreams.TestLineActions" name="test_void_requires_manager_pin" time="0.744" /><testcase classname="tests.test_iter20_workstreams.TestMembers" name="test_grant_percent_reward" time="0.081" /><testcase classname="tests.test_iter20_workstreams.TestMembers" name="test_patch_profile_whitelist" time="0.118" /><testcase classname="tests.test_iter20_workstreams.TestLineActions" name="test_comp_owner_ok" time="0.192" /><testcase classname="tests.test_iter20_workstreams.TestOrdersLoyalty" name="test_auto_earn_on_pay" time="0.474" /><testcase classname="tests.test_iter20_workstreams.TestLoyaltyConfig" name="test_get_defaults" time="0.115" /><testcase classname="tests.test_iter20_workstreams.TestLoyaltyConfig" name="test_put_manager_only" time="0.076" /><testcase classname="tests.test_iter20_workstreams.TestLoyaltyConfig" name="test_put_forbidden_for_foh" time="0.079" /><testcase classname="tests.test_iter20_workstreams.TestOrdersLoyalty" name="test_pay_with_member_credit" time="0.397" /><testcase classname="tests.test_iter20_workstreams.TestKegs" name="test_list_metrics" time="0.079" /><testcase classname="tests.test_iter20_workstreams.TestKegs" name="test_pour_presets" time="0.118" /><testcase classname="tests.test_iter20_workstreams.TestKegs" name="test_create_keg_foh_forbidden" time="0.189" /><testcase classname="tests.test_iter20_workstreams.TestOrdersLoyalty" name="test_pay_member_credit_insufficient" time="0.542" /><testcase classname="tests.test_iter20_workstreams.TestAuth" name="test_owner_email_login" time="0.410" /><testcase classname="tests.test_iter20_workstreams.TestAuth" name="test_pin_login_owner" time="0.175" /><testcase classname="tests.test_iter20_workstreams.TestFixtures" name="test_leagues_list" time="0.081" /><testcase classname="tests.test_iter20_workstreams.TestScreens" name="test_screens_manager_only" time="0.080" /><testcase classname="tests.test_iter20_workstreams.TestFixtures" name="test_epl_fixtures_normalized" time="0.312" /><testcase classname="tests.test_iter20_workstreams.TestScreens" name="test_screens_crud_and_broadcast_conflict" time="0.834" /><testcase classname="tests.test_iter20_workstreams.TestFixtures" name="test_manual_only_league" time="0.192" /></testsuite></testsuites>