<?xml version="1.0" encoding="utf-8"?><testsuites name="pytest tests"><testsuite name="pytest" errors="0" failures="1" skipped="0" tests="20" time="3.824" timestamp="2026-09-10T05:43:44.139056+00:00" hostname="agent-env-e71f9da4-e702-4bf5-b0f1-10470fc929ee"><testcase classname="tests.test_iter18_hardening.TestCloudMirror" name="test_sync_now" time="0.706" /><testcase classname="tests.test_iter18_hardening.TestInventory" name="test_deduction_variant_and_modifier" time="1.011" /><testcase classname="tests.test_iter18_hardening.TestCloudMirror" name="test_status" time="0.069" /><testcase classname="tests.test_iter18_hardening.TestCloudMirror" name="test_cloud_report_direct_with_key" time="0.004" /><testcase classname="tests.test_iter18_hardening.TestCloudMirror" name="test_cloud_report_wrong_key_401" time="0.002" /><testcase classname="tests.test_iter18_hardening.TestCloudMirror" name="test_cloud_proxy_report" time="0.072" /><testcase classname="tests.test_iter18_hardening.TestPrinterRouting" name="test_fire_routes_bar_and_kitchen" time="0.638" /><testcase classname="tests.test_iter18_hardening.TestInventory" name="test_restock" time="0.142" /><testcase classname="tests.test_iter18_hardening.TestInventory" name="test_wastage_with_reason" time="0.142" /><testcase classname="tests.test_iter18_hardening.TestInventory" name="test_wastage_clamps_negative" time="0.288" /><testcase classname="tests.test_iter18_hardening.TestPrinterRouting" name="test_failure_retry_flow" time="0.942" /><testcase classname="tests.test_iter18_hardening.TestInventory" name="test_low_stock_alert" time="0.250" /><testcase classname="tests.test_iter18_hardening.TestAuthPinShift" name="test_email_login" time="0.334" /><testcase classname="tests.test_iter18_hardening.TestAuthPinShift" name="test_pin_login_auto_shift" time="0.330" /><testcase classname="tests.test_iter18_hardening.TestPrinterRouting" name="test_receipt_on_pay" time="0.304" /><testcase classname="tests.test_iter18_hardening.TestSplitMerge" name="test_split_equal_pay" time="0.196" /><testcase classname="tests.test_iter18_hardening.TestSplitMerge" name="test_merge_orders" time="0.454"><failure message="KeyError: 'lines'">tests/test_iter18_hardening.py:359: in test_merge_orders
    assert len(merged["lines"]) &gt;= 2
               ^^^^^^^^^^^^^^^
E   KeyError: 'lines'</failure></testcase><testcase classname="tests.test_iter18_hardening.TestCardTerminal" name="test_terminal_402_without_approval" time="0.303" /><testcase classname="tests.test_iter18_hardening.TestCardTerminal" name="test_terminal_approved" time="0.205" /><testcase classname="tests.test_iter18_hardening.TestShiftsHours" name="test_hours_endpoint" time="0.063" /></testsuite></testsuites>