<?xml version="1.0" encoding="utf-8"?><testsuites name="pytest tests"><testsuite name="pytest" errors="0" failures="0" skipped="1" tests="17" time="2.711" timestamp="2026-09-10T08:28:31.129275+00:00" hostname="agent-env-e71f9da4-e702-4bf5-b0f1-10470fc929ee"><testcase classname="tests.test_iter19_refactor.TestRoleGuard" name="test_kitchen_post_orders_403" time="0.387" /><testcase classname="tests.test_iter19_refactor" name="test_pin_login_roster[666-owner]" time="0.270" /><testcase classname="tests.test_iter19_refactor" name="test_pin_login_roster[888-owner]" time="0.129" /><testcase classname="tests.test_iter19_refactor.TestRoleGuard" name="test_kitchen_eightysix_allowed" time="0.311" /><testcase classname="tests.test_iter19_refactor" name="test_pin_login_roster[9999-owner]" time="0.130" /><testcase classname="tests.test_iter19_refactor" name="test_pin_login_roster[0000-admin]" time="0.145" /><testcase classname="tests.test_iter19_refactor" name="test_pin_login_roster[111-manager]" time="0.154" /><testcase classname="tests.test_iter19_refactor.TestRoleGuard" name="test_foh_can_create_order_but_not_pay" time="0.441" /><testcase classname="tests.test_iter19_refactor" name="test_pin_login_roster[222-assistant_manager]" time="0.157" /><testcase classname="tests.test_iter19_refactor" name="test_pin_login_roster[333-assistant_manager]" time="0.138" /><testcase classname="tests.test_iter19_refactor" name="test_pin_login_roster[555-assistant_manager]" time="0.128" /><testcase classname="tests.test_iter19_refactor.TestRoleGuard" name="test_assistant_manager_can_pay_not_delete" time="0.549" /><testcase classname="tests.test_iter19_refactor" name="test_pin_login_roster[777-front_of_house]" time="0.165" /><testcase classname="tests.test_iter19_refactor" name="test_pin_login_roster[999-kitchen]" time="0.128" /><testcase classname="tests.test_iter19_refactor" name="test_happy_hours_active" time="0.194" /><testcase classname="tests.test_iter19_refactor.TestRoleGuard" name="test_owner_can_delete_order" time="0.425" /><testcase classname="tests.test_iter19_refactor" name="test_printers_route_ticket_lines" time="0.400"><skipped type="pytest.skip" message="cannot seed order: 422 {&quot;detail&quot;:[{&quot;type&quot;:&quot;missing&quot;,&quot;loc&quot;:[&quot;body&quot;,&quot;lines&quot;,0,&quot;name&quot;],&quot;msg&quot;:&quot;Field required&quot;,&quot;input&quot;:{&quot;product_id&quot;:&quot;6aa24077b2daf4178a2e14f4&quot;,&quot;qty&quot;:1},&quot;url&quot;:&quot;https://errors.pydantic.dev/2.13/v/missing&quot;},{&quot;type">/app/backend/tests/test_iter19_refactor.py:138: cannot seed order: 422 {"detail":[{"type":"missing","loc":["body","lines",0,"name"],"msg":"Field required","input":{"product_id":"6aa24077b2daf4178a2e14f4","qty":1},"url":"https://errors.pydantic.dev/2.13/v/missing"},{"type</skipped></testcase></testsuite></testsuites>